<?xml version="1.0" encoding="UTF-8"?>
<!-- Generated by org.testng.reporters.JUnitReportReporter -->
<testsuite hostname="LAPTOP-A8F5AB7C" name="com.crm.qa.testcases.LoginPageTest" tests="1" failures="0" timestamp="28 Jun 2020 06:52:24 GMT" time="20.784" errors="0">
  <testcase name="loginpageTitleTest" time="20.784" classname="com.crm.qa.testcases.LoginPageTest"/>
</testsuite> <!-- com.crm.qa.testcases.LoginPageTest -->
